<?xml version="1.0" encoding="UTF-8"?>
<testsuite xmlns:xsi="http://www.w3.org/2001/XMLSchema-instance" xsi:noNamespaceSchemaLocation="https://maven.apache.org/surefire/maven-surefire-plugin/xsd/surefire-test-report.xsd" version="3.0.2" name="com.patientman.patientman.PatientmanApplicationTests" time="13.473" tests="1" errors="0" skipped="0" failures="0">
  <properties>
[...]
</properties>
  <testcase name="contextLoads" classname="com.patientman.patientman.PatientmanApplicationTests" time="0.855">
    <system-out><![CDATA[07:51:50.526 [main] INFO org.springframework.test.context.support.AnnotationConfigContextLoaderUtils -- Could not detect default configuration classes for test class [com.patientman.patientman.PatientmanApplicationTests]: PatientmanApplicationTests does not declare any static, non-private, non-final, nested classes annotated with @Configuration.
07:51:50.720 [main] INFO org.springframework.boot.test.context.SpringBootTestContextBootstrapper -- Found @SpringBootConfiguration com.patientman.patientman.PatientmanApplication for test class com.patientman.patientman.PatientmanApplicationTests
07:51:51.069 [main] INFO org.springframework.boot.devtools.restart.RestartApplicationListener -- Restart disabled due to context in which it is running

  .   ____          _            __ _ _
 /\\ / ___'_ __ _ _(_)_ __  __ _ \ \ \ \
( ( )\___ | '_ | '_| | '_ \/ _` | \ \ \ \
 \\/  ___)| |_)| | | | | || (_| |  ) ) ) )
  '  |____| .__|_| |_|_| |_\__, | / / / /
 =========|_|==============|___/=/_/_/_/

 :: Spring Boot ::                (v3.4.4)

2025-04-02T07:51:51.698+01:00  INFO 13772 --- [patientman] [           main] c.p.p.PatientmanApplicationTests         : Starting PatientmanApplicationTests using Java 17.0.12 with PID 13772 (started by abderrahmane.drid in D:\java\springboot\patient-management\patientman)
2025-04-02T07:51:51.701+01:00  INFO 13772 --- [patientman] [           main] c.p.p.PatientmanApplicationTests         : No active profile set, falling back to 1 default profile: "default"
2025-04-02T07:51:53.973+01:00  INFO 13772 --- [patientman] [           main] .s.d.r.c.RepositoryConfigurationDelegate : Bootstrapping Spring Data JPA repositories in DEFAULT mode.
2025-04-02T07:51:54.076+01:00  INFO 13772 --- [patientman] [           main] .s.d.r.c.RepositoryConfigurationDelegate : Finished Spring Data repository scanning in 86 ms. Found 1 JPA repository interface.
2025-04-02T07:51:55.239+01:00  INFO 13772 --- [patientman] [           main] com.zaxxer.hikari.HikariDataSource       : HikariPool-1 - Starting...
2025-04-02T07:51:56.060+01:00  INFO 13772 --- [patientman] [           main] com.zaxxer.hikari.pool.HikariPool        : HikariPool-1 - Added connection org.postgresql.jdbc.PgConnection@25ad25f5
2025-04-02T07:51:56.062+01:00  INFO 13772 --- [patientman] [           main] com.zaxxer.hikari.HikariDataSource       : HikariPool-1 - Start completed.
2025-04-02T07:51:56.305+01:00  INFO 13772 --- [patientman] [           main] o.hibernate.jpa.internal.util.LogHelper  : HHH000204: Processing PersistenceUnitInfo [name: default]
2025-04-02T07:51:56.468+01:00  INFO 13772 --- [patientman] [           main] org.hibernate.Version                    : HHH000412: Hibernate ORM core version 6.6.11.Final
2025-04-02T07:51:56.562+01:00  INFO 13772 --- [patientman] [           main] o.h.c.internal.RegionFactoryInitiator    : HHH000026: Second-level cache disabled
2025-04-02T07:51:57.558+01:00  INFO 13772 --- [patientman] [           main] o.s.o.j.p.SpringPersistenceUnitInfo      : No LoadTimeWeaver setup: ignoring JPA class transformer
2025-04-02T07:51:57.767+01:00  WARN 13772 --- [patientman] [           main] org.hibernate.orm.deprecation            : HHH90000025: PostgreSQLDialect does not need to be specified explicitly using 'hibernate.dialect' (remove the property setting and it will be selected by default)
2025-04-02T07:51:57.812+01:00  INFO 13772 --- [patientman] [           main] org.hibernate.orm.connections.pooling    : HHH10001005: Database info:
	Database JDBC URL [Connecting through datasource 'HikariDataSource (HikariPool-1)']
	Database driver: undefined/unknown
	Database version: 16.8
	Autocommit mode: undefined/unknown
	Isolation level: undefined/unknown
	Minimum pool size: undefined/unknown
	Maximum pool size: undefined/unknown
2025-04-02T07:51:59.646+01:00  INFO 13772 --- [patientman] [           main] o.h.e.t.j.p.i.JtaPlatformInitiator       : HHH000489: No JTA platform available (set 'hibernate.transaction.jta.platform' to enable JTA platform integration)
2025-04-02T07:51:59.708+01:00  INFO 13772 --- [patientman] [           main] j.LocalContainerEntityManagerFactoryBean : Initialized JPA EntityManagerFactory for persistence unit 'default'
2025-04-02T07:52:00.658+01:00  WARN 13772 --- [patientman] [           main] JpaBaseConfiguration$JpaWebConfiguration : spring.jpa.open-in-view is enabled by default. Therefore, database queries may be performed during view rendering. Explicitly configure spring.jpa.open-in-view to disable this warning
2025-04-02T07:52:02.522+01:00  INFO 13772 --- [patientman] [           main] o.s.b.a.e.web.EndpointLinksResolver      : Exposing 1 endpoint beneath base path '/actuator'
2025-04-02T07:52:02.696+01:00  INFO 13772 --- [patientman] [           main] c.p.p.PatientmanApplicationTests         : Started PatientmanApplicationTests in 11.652 seconds (process running for 13.344)
]]></system-out>
  </testcase>
</testsuite>